<?xml version="1.0" encoding="UTF-8"?>
<beans xmlns="http://www.springframework.org/schema/beans"
       xmlns:xsi="http://www.w3.org/2001/XMLSchema-instance"
       xmlns:context="http://www.springframework.org/schema/context"
       xsi:schemaLocation="http://www.springframework.org/schema/beans http://www.springframework.org/schema/beans/spring-beans.xsd
             http://www.springframework.org/schema/context http://www.springframework.org/schema/context/spring-context.xsd">

    <!-- Turn on AspectJ @Configurable support -->
    <context:spring-configured />
    <context:annotation-config />
    <context:component-scan base-package="fi.vm.sade.event" />

    <!-- Turn on @Autowired, @PostConstruct etc support -->
    <bean class="org.springframework.beans.factory.annotation.AutowiredAnnotationBeanPostProcessor" />
    <bean class="org.springframework.context.annotation.CommonAnnotationBeanPostProcessor" />

    <!-- Get configuration for generic/generic-events system -->
    <import resource="classpath:META-INF/spring/events-context.xml" />

    <!-- NOTE: For junit tests we need to override activemq.brokerurl -->
    <context:property-override location="classpath:junit-property-override.properties"/>

    <!--
      Register durable subscription to receive events, notice clientId AND durableSubscriptionName
      - NOTE: if load balancing / quick failover needed for handling event messages, see http://activemq.apache.org/virtual-destinations.html
    -->
    <bean id="eventsMessageContainer" class="org.springframework.jms.listener.DefaultMessageListenerContainer">
        <property name="connectionFactory" ref="eventsJmsFactory"/>     <!-- defined in "events-context.xml" -->
        <property name="destination" ref="eventsDestination"/>          <!-- defined in "events-context.xml" -->
        <property name="messageListener" ref="eventsMessageListener"/>  <!-- defined in "events-context.xml" -->

        <!--
            NOTE: For production define these - with test broker the persistent selectors won't work
        -->
<!--
        <property name="concurrentConsumers" value="1"/>
        <property name="sessionTransacted" value="true"/>
        <property name="pubSubDomain" value="true"/>
        <property name="subscriptionDurable" value="true"/>

        <property name="clientId" value="generic-events-junit"/>
        <property name="durableSubscriptionName" value="events"/>
        <property name="messageSelector" value="category = 'test'"/>
-->
    </bean>

</beans>
